\BOOKMARK [2][-]{section*.1}{\376\377\000D\000e\000s\000c\000r\000i\000p\000c\000i\000\363\000n\000\040\000d\000e\000l\000\040\000c\000u\000r\000s\000o}{}% 1
\BOOKMARK [2][-]{section*.2}{\376\377\000O\000b\000j\000e\000t\000i\000v\000o\000s}{}% 2
\BOOKMARK [2][-]{section*.3}{\376\377\000M\000e\000t\000o\000d\000o\000l\000o\000g\000\355\000a}{}% 3
\BOOKMARK [2][-]{section*.6}{\376\377\000P\000l\000a\000n\000\040\000s\000e\000m\000a\000n\000a\000l}{}% 4
\BOOKMARK [3][-]{section*.7}{\376\377\000S\000e\000m\000a\000n\000a\000\040\0001}{section*.6}% 5
\BOOKMARK [3][-]{section*.8}{\376\377\000S\000e\000m\000a\000n\000a\000\040\0002}{section*.6}% 6
\BOOKMARK [3][-]{section*.9}{\376\377\000S\000e\000m\000a\000n\000a\000\040\0003}{section*.6}% 7
\BOOKMARK [3][-]{section*.10}{\376\377\000S\000e\000m\000a\000n\000a\000\040\0004}{section*.6}% 8
\BOOKMARK [3][-]{section*.11}{\376\377\000S\000e\000m\000a\000n\000a\000\040\0005}{section*.6}% 9
\BOOKMARK [3][-]{section*.12}{\376\377\000S\000e\000m\000a\000n\000a\000\040\0006}{section*.6}% 10
\BOOKMARK [3][-]{section*.13}{\376\377\000S\000e\000m\000a\000n\000a\000\040\0007}{section*.6}% 11
\BOOKMARK [3][-]{section*.14}{\376\377\000S\000e\000m\000a\000n\000a\000\040\0008}{section*.6}% 12
\BOOKMARK [3][-]{section*.15}{\376\377\000S\000e\000m\000a\000n\000a\000\040\0009}{section*.6}% 13
\BOOKMARK [3][-]{section*.16}{\376\377\000S\000e\000m\000a\000n\000a\000\040\0001\0000}{section*.6}% 14
\BOOKMARK [3][-]{section*.17}{\376\377\000S\000e\000m\000a\000n\000a\000\040\0001\0001}{section*.6}% 15
\BOOKMARK [3][-]{section*.18}{\376\377\000S\000e\000m\000a\000n\000a\000\040\0001\0002}{section*.6}% 16
\BOOKMARK [3][-]{section*.19}{\376\377\000S\000e\000m\000a\000n\000a\000\040\0001\0003}{section*.6}% 17
\BOOKMARK [3][-]{section*.20}{\376\377\000S\000e\000m\000a\000n\000a\000\040\0001\0004}{section*.6}% 18
\BOOKMARK [3][-]{section*.21}{\376\377\000S\000e\000m\000a\000n\000a\000\040\0001\0005}{section*.6}% 19
\BOOKMARK [3][-]{section*.22}{\376\377\000S\000e\000m\000a\000n\000a\000\040\0001\0006}{section*.6}% 20
\BOOKMARK [3][-]{section*.23}{\376\377\000S\000e\000m\000a\000n\000a\000\040\0001\0007}{section*.6}% 21
\BOOKMARK [2][-]{section*.24}{\376\377\000E\000v\000a\000l\000u\000a\000c\000i\000\363\000n}{}% 22
